[debug] [2022-10-08T23:45:26.626Z] ----------------------------------------------------------------------
[debug] [2022-10-08T23:45:26.628Z] Command:       C:\Program Files\nodejs\node.exe C:\Users\bertha_janeth\AppData\Roaming\npm\node_modules\firebase-tools\lib\bin\firebase.js deploy
[debug] [2022-10-08T23:45:26.629Z] CLI Version:   11.14.1
[debug] [2022-10-08T23:45:26.629Z] Platform:      win32
[debug] [2022-10-08T23:45:26.629Z] Node Version:  v18.6.0
[debug] [2022-10-08T23:45:26.630Z] Time:          Sat Oct 08 2022 18:45:26 GMT-0500 (hora de verano central)
[debug] [2022-10-08T23:45:26.630Z] ----------------------------------------------------------------------
[debug] 
[debug] [2022-10-08T23:45:26.729Z] > command requires scopes: ["email","openid","https://www.googleapis.com/auth/cloudplatformprojects.readonly","https://www.googleapis.com/auth/firebase","https://www.googleapis.com/auth/cloud-platform"]
[debug] [2022-10-08T23:45:26.730Z] > authorizing via signed-in user (janeth212405@gmail.com)
[debug] [2022-10-08T23:45:26.730Z] [iam] checking project party-girls-2022 for permissions ["cloudfunctions.functions.create","cloudfunctions.functions.delete","cloudfunctions.functions.get","cloudfunctions.functions.list","cloudfunctions.functions.update","cloudfunctions.operations.get","datastore.indexes.create","datastore.indexes.delete","datastore.indexes.list","datastore.indexes.update","firebase.projects.get","firebasehosting.sites.update"]
[debug] [2022-10-08T23:45:26.733Z] >>> [apiv2][query] POST https://cloudresourcemanager.googleapis.com/v1/projects/party-girls-2022:testIamPermissions [none]
[debug] [2022-10-08T23:45:26.733Z] >>> [apiv2][(partial)header] POST https://cloudresourcemanager.googleapis.com/v1/projects/party-girls-2022:testIamPermissions x-goog-quota-user=projects/party-girls-2022
[debug] [2022-10-08T23:45:26.733Z] >>> [apiv2][body] POST https://cloudresourcemanager.googleapis.com/v1/projects/party-girls-2022:testIamPermissions {"permissions":["cloudfunctions.functions.create","cloudfunctions.functions.delete","cloudfunctions.functions.get","cloudfunctions.functions.list","cloudfunctions.functions.update","cloudfunctions.operations.get","datastore.indexes.create","datastore.indexes.delete","datastore.indexes.list","datastore.indexes.update","firebase.projects.get","firebasehosting.sites.update"]}
[debug] [2022-10-08T23:45:27.419Z] <<< [apiv2][status] POST https://cloudresourcemanager.googleapis.com/v1/projects/party-girls-2022:testIamPermissions 200
[debug] [2022-10-08T23:45:27.420Z] <<< [apiv2][body] POST https://cloudresourcemanager.googleapis.com/v1/projects/party-girls-2022:testIamPermissions {"permissions":["cloudfunctions.functions.create","cloudfunctions.functions.delete","cloudfunctions.functions.get","cloudfunctions.functions.list","cloudfunctions.functions.update","cloudfunctions.operations.get","datastore.indexes.create","datastore.indexes.delete","datastore.indexes.list","datastore.indexes.update","firebase.projects.get","firebasehosting.sites.update"]}
[debug] [2022-10-08T23:45:27.421Z] >>> [apiv2][query] POST https://iam.googleapis.com/v1/projects/party-girls-2022/serviceAccounts/party-girls-2022@appspot.gserviceaccount.com:testIamPermissions [none]
[debug] [2022-10-08T23:45:27.421Z] >>> [apiv2][body] POST https://iam.googleapis.com/v1/projects/party-girls-2022/serviceAccounts/party-girls-2022@appspot.gserviceaccount.com:testIamPermissions {"permissions":["iam.serviceAccounts.actAs"]}
[debug] [2022-10-08T23:45:28.119Z] <<< [apiv2][status] POST https://iam.googleapis.com/v1/projects/party-girls-2022/serviceAccounts/party-girls-2022@appspot.gserviceaccount.com:testIamPermissions 200
[debug] [2022-10-08T23:45:28.119Z] <<< [apiv2][body] POST https://iam.googleapis.com/v1/projects/party-girls-2022/serviceAccounts/party-girls-2022@appspot.gserviceaccount.com:testIamPermissions {"permissions":["iam.serviceAccounts.actAs"]}
[debug] [2022-10-08T23:45:28.123Z] >>> [apiv2][query] GET https://firebase.googleapis.com/v1beta1/projects/party-girls-2022 [none]
[debug] [2022-10-08T23:45:28.678Z] <<< [apiv2][status] GET https://firebase.googleapis.com/v1beta1/projects/party-girls-2022 200
[debug] [2022-10-08T23:45:28.679Z] <<< [apiv2][body] GET https://firebase.googleapis.com/v1beta1/projects/party-girls-2022 {"projectId":"party-girls-2022","projectNumber":"553450782361","displayName":"Party-Girls-2022","name":"projects/party-girls-2022","resources":{"hostingSite":"party-girls-2022","realtimeDatabaseInstance":"party-girls-2022-default-rtdb","storageBucket":"party-girls-2022.appspot.com","locationId":"us-central"},"state":"ACTIVE","etag":"1_05f5d1c5-8c8a-4876-bc1e-07d020b90aa8"}
[info] 
[info] === Deploying to 'party-girls-2022'...
[info] 
[info] i  deploying firestore, functions, hosting 
[debug] [2022-10-08T23:45:28.694Z] TypeError [ERR_INVALID_ARG_TYPE]: The "path" argument must be of type string. Received undefined
    at new NodeError (node:internal/errors:387:5)
    at validateString (node:internal/validators:115:11)
    at Object.join (node:path:429:7)
    at Config.path (C:\Users\bertha_janeth\AppData\Roaming\npm\node_modules\firebase-tools\lib\config.js:123:45)
    at getChildEnvironment (C:\Users\bertha_janeth\AppData\Roaming\npm\node_modules\firebase-tools\lib\deploy\lifecycleHooks.js:51:49)
    at runTargetCommands (C:\Users\bertha_janeth\AppData\Roaming\npm\node_modules\firebase-tools\lib\deploy\lifecycleHooks.js:72:14)
    at C:\Users\bertha_janeth\AppData\Roaming\npm\node_modules\firebase-tools\lib\deploy\lifecycleHooks.js:124:24
    at process.processTicksAndRejections (node:internal/process/task_queues:95:5)
    at async chain (C:\Users\bertha_janeth\AppData\Roaming\npm\node_modules\firebase-tools\lib\deploy\index.js:33:9)
    at async deploy (C:\Users\bertha_janeth\AppData\Roaming\npm\node_modules\firebase-tools\lib\deploy\index.js:68:5)
[error] 
[error] Error: An unexpected error has occurred.
